<?xml version="1.0" encoding="UTF-8"?>
<coverage generated="1613855165538" clover="3.2.0">
  <project timestamp="1613855165538" name="All files">
    <metrics statements="41" coveredstatements="41" conditionals="25" coveredconditionals="25" methods="6" coveredmethods="6" elements="72" coveredelements="72" complexity="0" loc="41" ncloc="41" packages="1" files="1" classes="1"/>
    <file name="index.ts" path="C:\Users\itaym\WebStormProjects\isEllipsis\src\index.ts">
      <metrics statements="41" coveredstatements="41" conditionals="25" coveredconditionals="25" methods="6" coveredmethods="6"/>
      <line num="3" count="1" type="stmt"/>
      <line num="4" count="13" type="stmt"/>
      <line num="14" count="91" type="cond" truecount="2" falsecount="0"/>
      <line num="16" count="13" type="stmt"/>
      <line num="19" count="1" type="stmt"/>
      <line num="20" count="13" type="stmt"/>
      <line num="23" count="147" type="stmt"/>
      <line num="24" count="147" type="stmt"/>
      <line num="26" count="11" type="stmt"/>
      <line num="28" count="1" type="stmt"/>
      <line num="29" count="7" type="cond" truecount="4" falsecount="0"/>
      <line num="31" count="1" type="stmt"/>
      <line num="32" count="11" type="cond" truecount="2" falsecount="0"/>
      <line num="34" count="1" type="stmt"/>
      <line num="36" count="14" type="cond" truecount="2" falsecount="0"/>
      <line num="37" count="14" type="cond" truecount="2" falsecount="0"/>
      <line num="38" count="13" type="stmt"/>
      <line num="39" count="13" type="stmt"/>
      <line num="40" count="13" type="stmt"/>
      <line num="41" count="13" type="stmt"/>
      <line num="42" count="13" type="stmt"/>
      <line num="43" count="11" type="stmt"/>
      <line num="45" count="11" type="stmt"/>
      <line num="46" count="11" type="stmt"/>
      <line num="47" count="11" type="stmt"/>
      <line num="48" count="11" type="stmt"/>
      <line num="49" count="11" type="stmt"/>
      <line num="50" count="11" type="stmt"/>
      <line num="51" count="11" type="stmt"/>
      <line num="53" count="11" type="stmt"/>
      <line num="54" count="11" type="stmt"/>
      <line num="57" count="11" type="stmt"/>
      <line num="60" count="11" type="stmt"/>
      <line num="64" count="11" type="cond" truecount="3" falsecount="0"/>
      <line num="70" count="11" type="stmt"/>
      <line num="71" count="11" type="cond" truecount="2" falsecount="0"/>
      <line num="72" count="7" type="stmt"/>
      <line num="75" count="4" type="stmt"/>
      <line num="79" count="2" type="cond" truecount="2" falsecount="0"/>
      <line num="80" count="1" type="stmt"/>
      <line num="83" count="1" type="stmt"/>
    </file>
  </project>
</coverage>
