{"C:\\Users\\itaym\\WebStormProjects\\isEllipsis\\src\\index.ts": {"path":"C:\\Users\\itaym\\WebStormProjects\\isEllipsis\\src\\index.ts","statementMap":{"0":{"start":{"line":3,"column":36},"end":{"line":17,"column":1}},"1":{"start":{"line":4,"column":50},"end":{"line":12,"column":6}},"2":{"start":{"line":14,"column":31},"end":{"line":14,"column":122}},"3":{"start":{"line":14,"column":71},"end":{"line":14,"column":110}},"4":{"start":{"line":16,"column":4},"end":{"line":16,"column":null}},"5":{"start":{"line":19,"column":27},"end":{"line":27,"column":1}},"6":{"start":{"line":20,"column":46},"end":{"line":20,"column":77}},"7":{"start":{"line":23,"column":4},"end":{"line":25,"column":null}},"8":{"start":{"line":23,"column":32},"end":{"line":23,"column":46}},"9":{"start":{"line":23,"column":28},"end":{"line":23,"column":32}},"10":{"start":{"line":24,"column":4},"end":{"line":24,"column":88}},"11":{"start":{"line":26,"column":2},"end":{"line":26,"column":24}},"12":{"start":{"line":28,"column":22},"end":{"line":30,"column":1}},"13":{"start":{"line":29,"column":2},"end":{"line":29,"column":80}},"14":{"start":{"line":31,"column":17},"end":{"line":33,"column":1}},"15":{"start":{"line":32,"column":2},"end":{"line":32,"column":118}},"16":{"start":{"line":34,"column":13},"end":{"line":86,"column":2}},"17":{"start":{"line":36,"column":4},"end":{"line":36,"column":null}},"18":{"start":{"line":37,"column":4},"end":{"line":37,"column":null}},"19":{"start":{"line":38,"column":20},"end":{"line":38,"column":49}},"20":{"start":{"line":39,"column":4},"end":{"line":85,"column":null}},"21":{"start":{"line":40,"column":46},"end":{"line":40,"column":93}},"22":{"start":{"line":41,"column":47},"end":{"line":41,"column":96}},"23":{"start":{"line":42,"column":52},"end":{"line":42,"column":100}},"24":{"start":{"line":43,"column":34},"end":{"line":43,"column":73}},"25":{"start":{"line":45,"column":8},"end":{"line":45,"column":69}},"26":{"start":{"line":46,"column":8},"end":{"line":46,"column":72}},"27":{"start":{"line":47,"column":8},"end":{"line":47,"column":71}},"28":{"start":{"line":48,"column":8},"end":{"line":48,"column":74}},"29":{"start":{"line":49,"column":8},"end":{"line":49,"column":53}},"30":{"start":{"line":50,"column":8},"end":{"line":50,"column":47}},"31":{"start":{"line":51,"column":8},"end":{"line":51,"column":73}},"32":{"start":{"line":53,"column":8},"end":{"line":53,"column":49}},"33":{"start":{"line":54,"column":8},"end":{"line":54,"column":49}},"34":{"start":{"line":57,"column":12},"end":{"line":59,"column":81}},"35":{"start":{"line":60,"column":8},"end":{"line":60,"column":44}},"36":{"start":{"line":64,"column":12},"end":{"line":68,"column":52}},"37":{"start":{"line":70,"column":8},"end":{"line":70,"column":null}},"38":{"start":{"line":71,"column":8},"end":{"line":76,"column":null}},"39":{"start":{"line":72,"column":12},"end":{"line":72,"column":26}},"40":{"start":{"line":75,"column":12},"end":{"line":75,"column":33}},"41":{"start":{"line":79,"column":8},"end":{"line":84,"column":null}},"42":{"start":{"line":80,"column":12},"end":{"line":80,"column":23}},"43":{"start":{"line":83,"column":12},"end":{"line":83,"column":25}}},"fnMap":{"0":{"name":"(anonymous_0)","decl":{"start":{"line":3,"column":36},"end":{"line":3,"column":null}},"loc":{"start":{"line":3,"column":36},"end":{"line":17,"column":1}}},"1":{"name":"(anonymous_1)","decl":{"start":{"line":14,"column":63},"end":{"line":14,"column":67}},"loc":{"start":{"line":14,"column":67},"end":{"line":14,"column":80}}},"2":{"name":"(anonymous_2)","decl":{"start":{"line":19,"column":27},"end":{"line":19,"column":28}},"loc":{"start":{"line":19,"column":68},"end":{"line":27,"column":1}}},"3":{"name":"(anonymous_3)","decl":{"start":{"line":28,"column":22},"end":{"line":28,"column":23}},"loc":{"start":{"line":28,"column":78},"end":{"line":30,"column":1}}},"4":{"name":"(anonymous_4)","decl":{"start":{"line":31,"column":17},"end":{"line":31,"column":18}},"loc":{"start":{"line":31,"column":62},"end":{"line":33,"column":1}}},"5":{"name":"(anonymous_5)","decl":{"start":{"line":34,"column":46},"end":{"line":34,"column":null}},"loc":{"start":{"line":37,"column":60},"end":{"line":86,"column":1}}}},"branchMap":{"0":{"loc":{"start":{"line":14,"column":31},"end":{"line":14,"column":110}},"type":"binary-expr","locations":[{"start":{"line":14,"column":31},"end":{"line":14,"column":110}},{"start":{"line":14,"column":114},"end":{"line":14,"column":122}}]},"1":{"loc":{"start":{"line":29,"column":9},"end":{"line":29,"column":27}},"type":"binary-expr","locations":[{"start":{"line":29,"column":9},"end":{"line":29,"column":27}},{"start":{"line":29,"column":32},"end":{"line":29,"column":78}}]},"2":{"loc":{"start":{"line":29,"column":49},"end":{"line":29,"column":73}},"type":"cond-expr","locations":[{"start":{"line":29,"column":49},"end":{"line":29,"column":73}},{"start":{"line":29,"column":76},"end":{"line":29,"column":78}}]},"3":{"loc":{"start":{"line":32,"column":39},"end":{"line":32,"column":97}},"type":"cond-expr","locations":[{"start":{"line":32,"column":39},"end":{"line":32,"column":97}},{"start":{"line":32,"column":100},"end":{"line":32,"column":117}}]},"4":{"loc":{"start":{"line":36,"column":4},"end":{"line":36,"column":null}},"type":"if","locations":[{"start":{"line":36,"column":4},"end":{"line":36,"column":null}},{"start":{"line":36,"column":4},"end":{"line":36,"column":null}}]},"5":{"loc":{"start":{"line":37,"column":4},"end":{"line":37,"column":null}},"type":"if","locations":[{"start":{"line":37,"column":4},"end":{"line":37,"column":null}},{"start":{"line":37,"column":4},"end":{"line":37,"column":null}}]},"6":{"loc":{"start":{"line":58,"column":21},"end":{"line":58,"column":68}},"type":"binary-expr","locations":[{"start":{"line":58,"column":21},"end":{"line":58,"column":68}},{"start":{"line":58,"column":72},"end":{"line":58,"column":75}}]},"7":{"loc":{"start":{"line":59,"column":21},"end":{"line":59,"column":69}},"type":"binary-expr","locations":[{"start":{"line":59,"column":21},"end":{"line":59,"column":69}},{"start":{"line":59,"column":73},"end":{"line":59,"column":76}}]},"8":{"loc":{"start":{"line":67,"column":18},"end":{"line":67,"column":67}},"type":"cond-expr","locations":[{"start":{"line":67,"column":18},"end":{"line":67,"column":67}},{"start":{"line":68,"column":18},"end":{"line":68,"column":52}}]},"9":{"loc":{"start":{"line":64,"column":12},"end":{"line":64,"column":71}},"type":"binary-expr","locations":[{"start":{"line":64,"column":12},"end":{"line":64,"column":71}},{"start":{"line":65,"column":12},"end":{"line":65,"column":68}},{"start":{"line":66,"column":12},"end":{"line":66,"column":75}}]},"10":{"loc":{"start":{"line":71,"column":8},"end":{"line":76,"column":null}},"type":"if","locations":[{"start":{"line":71,"column":8},"end":{"line":76,"column":null}},{"start":{"line":71,"column":8},"end":{"line":76,"column":null}}]},"11":{"loc":{"start":{"line":79,"column":8},"end":{"line":84,"column":null}},"type":"if","locations":[{"start":{"line":79,"column":8},"end":{"line":84,"column":null}},{"start":{"line":79,"column":8},"end":{"line":84,"column":null}}]}},"s":{"0":1,"1":13,"2":13,"3":91,"4":13,"5":1,"6":13,"7":11,"8":22,"9":147,"10":147,"11":11,"12":1,"13":7,"14":1,"15":11,"16":1,"17":14,"18":14,"19":13,"20":13,"21":13,"22":13,"23":13,"24":11,"25":11,"26":11,"27":11,"28":11,"29":11,"30":11,"31":11,"32":11,"33":11,"34":11,"35":11,"36":11,"37":11,"38":11,"39":7,"40":4,"41":2,"42":1,"43":1},"f":{"0":13,"1":91,"2":13,"3":7,"4":11,"5":13},"b":{"0":[13,13],"1":[7,4],"2":[3,1],"3":[7,4],"4":[1,12],"5":[1,12],"6":[11,4],"7":[11,4],"8":[9,2],"9":[11,9,9],"10":[7,4],"11":[1,1]}}
}
