{"C:\\Users\\itaym\\WebStormProjects\\isEllipsis\\src\\index.ts": {"path":"C:\\Users\\itaym\\WebStormProjects\\isEllipsis\\src\\index.ts","statementMap":{"0":{"start":{"line":1,"column":27},"end":{"line":8,"column":1}},"1":{"start":{"line":2,"column":46},"end":{"line":2,"column":77}},"2":{"start":{"line":4,"column":2},"end":{"line":6,"column":null}},"3":{"start":{"line":4,"column":30},"end":{"line":4,"column":32}},"4":{"start":{"line":4,"column":30},"end":{"line":4,"column":62}},"5":{"start":{"line":4,"column":26},"end":{"line":4,"column":30}},"6":{"start":{"line":5,"column":4},"end":{"line":5,"column":88}},"7":{"start":{"line":7,"column":2},"end":{"line":7,"column":24}},"8":{"start":{"line":9,"column":22},"end":{"line":11,"column":1}},"9":{"start":{"line":10,"column":2},"end":{"line":10,"column":80}},"10":{"start":{"line":12,"column":17},"end":{"line":14,"column":1}},"11":{"start":{"line":13,"column":2},"end":{"line":13,"column":118}},"12":{"start":{"line":15,"column":13},"end":{"line":54,"column":2}},"13":{"start":{"line":15,"column":55},"end":{"line":15,"column":null}},"14":{"start":{"line":17,"column":4},"end":{"line":53,"column":null}},"15":{"start":{"line":18,"column":46},"end":{"line":18,"column":93}},"16":{"start":{"line":19,"column":47},"end":{"line":19,"column":96}},"17":{"start":{"line":20,"column":52},"end":{"line":20,"column":100}},"18":{"start":{"line":21,"column":34},"end":{"line":21,"column":73}},"19":{"start":{"line":23,"column":8},"end":{"line":23,"column":69}},"20":{"start":{"line":24,"column":8},"end":{"line":24,"column":72}},"21":{"start":{"line":25,"column":8},"end":{"line":25,"column":71}},"22":{"start":{"line":26,"column":8},"end":{"line":26,"column":74}},"23":{"start":{"line":27,"column":8},"end":{"line":27,"column":53}},"24":{"start":{"line":28,"column":8},"end":{"line":28,"column":47}},"25":{"start":{"line":29,"column":8},"end":{"line":29,"column":73}},"26":{"start":{"line":31,"column":8},"end":{"line":31,"column":49}},"27":{"start":{"line":32,"column":8},"end":{"line":32,"column":49}},"28":{"start":{"line":35,"column":12},"end":{"line":37,"column":74}},"29":{"start":{"line":38,"column":8},"end":{"line":38,"column":44}},"30":{"start":{"line":41,"column":12},"end":{"line":46,"column":19}},"31":{"start":{"line":48,"column":8},"end":{"line":48,"column":60}},"32":{"start":{"line":49,"column":8},"end":{"line":49,"column":22}},"33":{"start":{"line":52,"column":8},"end":{"line":52,"column":17}}},"fnMap":{"0":{"name":"(anonymous_0)","decl":{"start":{"line":1,"column":27},"end":{"line":1,"column":28}},"loc":{"start":{"line":1,"column":68},"end":{"line":8,"column":1}}},"1":{"name":"(anonymous_1)","decl":{"start":{"line":9,"column":22},"end":{"line":9,"column":23}},"loc":{"start":{"line":9,"column":78},"end":{"line":11,"column":1}}},"2":{"name":"(anonymous_2)","decl":{"start":{"line":12,"column":17},"end":{"line":12,"column":18}},"loc":{"start":{"line":12,"column":62},"end":{"line":14,"column":1}}},"3":{"name":"(anonymous_3)","decl":{"start":{"line":15,"column":26},"end":{"line":15,"column":27}},"loc":{"start":{"line":15,"column":84},"end":{"line":54,"column":1}}}},"branchMap":{"0":{"loc":{"start":{"line":10,"column":9},"end":{"line":10,"column":27}},"type":"binary-expr","locations":[{"start":{"line":10,"column":9},"end":{"line":10,"column":27}},{"start":{"line":10,"column":32},"end":{"line":10,"column":78}}]},"1":{"loc":{"start":{"line":10,"column":49},"end":{"line":10,"column":73}},"type":"cond-expr","locations":[{"start":{"line":10,"column":49},"end":{"line":10,"column":73}},{"start":{"line":10,"column":76},"end":{"line":10,"column":78}}]},"2":{"loc":{"start":{"line":13,"column":39},"end":{"line":13,"column":97}},"type":"cond-expr","locations":[{"start":{"line":13,"column":39},"end":{"line":13,"column":97}},{"start":{"line":13,"column":100},"end":{"line":13,"column":117}}]},"3":{"loc":{"start":{"line":15,"column":55},"end":{"line":15,"column":null}},"type":"if","locations":[{"start":{"line":15,"column":55},"end":{"line":15,"column":null}},{"start":{"line":15,"column":55},"end":{"line":15,"column":null}}]},"4":{"loc":{"start":{"line":45,"column":18},"end":{"line":45,"column":57}},"type":"cond-expr","locations":[{"start":{"line":45,"column":18},"end":{"line":45,"column":57}},{"start":{"line":46,"column":18},"end":{"line":46,"column":19}}]},"5":{"loc":{"start":{"line":41,"column":12},"end":{"line":41,"column":71}},"type":"binary-expr","locations":[{"start":{"line":41,"column":12},"end":{"line":41,"column":71}},{"start":{"line":42,"column":12},"end":{"line":42,"column":68}},{"start":{"line":43,"column":12},"end":{"line":43,"column":75}},{"start":{"line":44,"column":12},"end":{"line":44,"column":51}}]}},"s":{"0":1,"1":5,"2":4,"3":4,"4":4,"5":4,"6":4,"7":4,"8":1,"9":3,"10":1,"11":4,"12":1,"13":8,"14":5,"15":5,"16":5,"17":5,"18":4,"19":4,"20":4,"21":4,"22":4,"23":4,"24":4,"25":4,"26":4,"27":4,"28":4,"29":4,"30":4,"31":4,"32":4,"33":1},"f":{"0":5,"1":3,"2":4,"3":5},"b":{"0":[3,2],"1":[1,1],"2":[3,1],"3":[3,2],"4":[3,1],"5":[4,4,4,4]}}
}
