TN:
SF:src\index.ts
FN:1,(anonymous_0)
FN:9,(anonymous_1)
FN:12,(anonymous_2)
FN:15,(anonymous_3)
FNF:4
FNH:4
FNDA:5,(anonymous_0)
FNDA:3,(anonymous_1)
FNDA:4,(anonymous_2)
FNDA:5,(anonymous_3)
DA:1,1
DA:2,5
DA:4,4
DA:5,63
DA:7,4
DA:9,1
DA:10,3
DA:12,1
DA:13,4
DA:15,1
DA:17,5
DA:18,5
DA:19,5
DA:20,5
DA:21,4
DA:23,4
DA:24,4
DA:25,4
DA:26,4
DA:27,4
DA:28,4
DA:29,4
DA:31,4
DA:32,4
DA:35,4
DA:38,4
DA:41,4
DA:48,4
DA:49,4
DA:52,1
LF:30
LH:30
BRDA:10,0,0,3
BRDA:10,0,1,2
BRDA:10,1,0,1
BRDA:10,1,1,1
BRDA:13,2,0,3
BRDA:13,2,1,1
BRDA:15,3,0,3
BRDA:45,4,0,3
BRDA:45,4,1,1
BRDA:41,5,0,4
BRDA:41,5,1,4
BRDA:41,5,2,4
BRDA:41,5,3,4
BRF:13
BRH:13
end_of_record
