TN:
SF:src\index.ts
FN:3,(anonymous_0)
FN:14,(anonymous_1)
FN:19,(anonymous_2)
FN:28,(anonymous_3)
FN:31,(anonymous_4)
FN:34,(anonymous_5)
FNF:6
FNH:6
FNDA:13,(anonymous_0)
FNDA:91,(anonymous_1)
FNDA:13,(anonymous_2)
FNDA:7,(anonymous_3)
FNDA:11,(anonymous_4)
FNDA:13,(anonymous_5)
DA:3,1
DA:4,13
DA:14,91
DA:16,13
DA:19,1
DA:20,13
DA:23,147
DA:24,147
DA:26,11
DA:28,1
DA:29,7
DA:31,1
DA:32,11
DA:34,1
DA:36,14
DA:37,14
DA:38,13
DA:39,13
DA:40,13
DA:41,13
DA:42,13
DA:43,11
DA:45,11
DA:46,11
DA:47,11
DA:48,11
DA:49,11
DA:50,11
DA:51,11
DA:53,11
DA:54,11
DA:57,11
DA:60,11
DA:64,11
DA:70,11
DA:71,11
DA:72,7
DA:75,4
DA:79,2
DA:80,1
DA:83,1
LF:41
LH:41
BRDA:14,0,0,13
BRDA:14,0,1,13
BRDA:29,1,0,7
BRDA:29,1,1,4
BRDA:29,2,0,3
BRDA:29,2,1,1
BRDA:32,3,0,7
BRDA:32,3,1,4
BRDA:36,4,0,1
BRDA:36,4,1,12
BRDA:37,5,0,1
BRDA:37,5,1,12
BRDA:58,6,0,11
BRDA:58,6,1,4
BRDA:59,7,0,11
BRDA:59,7,1,4
BRDA:67,8,0,9
BRDA:67,8,1,2
BRDA:64,9,0,11
BRDA:64,9,1,9
BRDA:64,9,2,9
BRDA:71,10,0,7
BRDA:71,10,1,4
BRDA:79,11,0,1
BRDA:79,11,1,1
BRF:25
BRH:25
end_of_record
